<?xml version='1.0'?> 
<!DOCTYPE coverage SYSTEM "http://cobertura.sourceforge.net/xml/coverage-04.dtd">
<!-- Generated by simplecov-cobertura version 2.1.0 (https://github.com/dashingrocket/simplecov-cobertura) -->
<coverage line-rate="0.88" lines-covered="267" lines-valid="302" complexity="0" version="0" timestamp="1644473530">
  <sources>
    <source>/home/ilya/opiti/ruby/forUchiRuBlog</source>
  </sources>
  <packages>
    <package name="forUchiRuBlog" line-rate="0.88" complexity="0">
      <classes>
        <class name="application_controller" filename="app/controllers/application_controller.rb" line-rate="1.0" complexity="0">
          <methods/>
          <lines>
            <line number="3" hits="1"/>
          </lines>
        </class>
        <class name="comments_controller" filename="app/controllers/comments_controller.rb" line-rate="1.0" complexity="0">
          <methods/>
          <lines>
            <line number="3" hits="1"/>
            <line number="4" hits="1"/>
            <line number="5" hits="1"/>
            <line number="6" hits="1"/>
            <line number="7" hits="1"/>
            <line number="10" hits="1"/>
            <line number="12" hits="1"/>
            <line number="13" hits="1"/>
          </lines>
        </class>
        <class name="posts_controller" filename="app/controllers/posts_controller.rb" line-rate="0.66" complexity="0">
          <methods/>
          <lines>
            <line number="3" hits="1"/>
            <line number="4" hits="1"/>
            <line number="7" hits="1"/>
            <line number="8" hits="1"/>
            <line number="12" hits="1"/>
            <line number="13" hits="1"/>
            <line number="14" hits="1"/>
            <line number="18" hits="1"/>
            <line number="19" hits="2"/>
            <line number="23" hits="1"/>
            <line number="27" hits="1"/>
            <line number="28" hits="1"/>
            <line number="30" hits="1"/>
            <line number="31" hits="1"/>
            <line number="32" hits="2"/>
            <line number="33" hits="1"/>
            <line number="35" hits="0"/>
            <line number="36" hits="0"/>
            <line number="42" hits="1"/>
            <line number="43" hits="0"/>
            <line number="44" hits="0"/>
            <line number="45" hits="0"/>
            <line number="46" hits="0"/>
            <line number="48" hits="0"/>
            <line number="49" hits="0"/>
            <line number="55" hits="1"/>
            <line number="56" hits="0"/>
            <line number="58" hits="0"/>
            <line number="59" hits="0"/>
            <line number="60" hits="0"/>
            <line number="64" hits="1"/>
            <line number="67" hits="1"/>
            <line number="68" hits="1"/>
            <line number="72" hits="1"/>
            <line number="73" hits="1"/>
          </lines>
        </class>
        <class name="application_helper" filename="app/helpers/application_helper.rb" line-rate="1.0" complexity="0">
          <methods/>
          <lines>
            <line number="3" hits="1"/>
          </lines>
        </class>
        <class name="comments_helper" filename="app/helpers/comments_helper.rb" line-rate="1.0" complexity="0">
          <methods/>
          <lines>
            <line number="3" hits="1"/>
          </lines>
        </class>
        <class name="posts_helper" filename="app/helpers/posts_helper.rb" line-rate="1.0" complexity="0">
          <methods/>
          <lines>
            <line number="3" hits="1"/>
          </lines>
        </class>
        <class name="application_record" filename="app/models/application_record.rb" line-rate="1.0" complexity="0">
          <methods/>
          <lines>
            <line number="3" hits="1"/>
            <line number="4" hits="1"/>
            <line number="6" hits="1"/>
          </lines>
        </class>
        <class name="comment" filename="app/models/comment.rb" line-rate="1.0" complexity="0">
          <methods/>
          <lines>
            <line number="3" hits="1"/>
            <line number="4" hits="1"/>
            <line number="5" hits="1"/>
          </lines>
        </class>
        <class name="post" filename="app/models/post.rb" line-rate="1.0" complexity="0">
          <methods/>
          <lines>
            <line number="3" hits="1"/>
            <line number="4" hits="1"/>
            <line number="5" hits="1"/>
            <line number="6" hits="1"/>
          </lines>
        </class>
        <class name="application" filename="config/application.rb" line-rate="1.0" complexity="0">
          <methods/>
          <lines>
            <line number="3" hits="1"/>
            <line number="5" hits="1"/>
            <line number="7" hits="1"/>
            <line number="8" hits="1"/>
            <line number="9" hits="1"/>
            <line number="10" hits="1"/>
            <line number="11" hits="1"/>
            <line number="12" hits="1"/>
            <line number="13" hits="1"/>
            <line number="14" hits="1"/>
            <line number="15" hits="1"/>
            <line number="16" hits="1"/>
            <line number="21" hits="1"/>
            <line number="23" hits="1"/>
            <line number="24" hits="1"/>
            <line number="26" hits="1"/>
            <line number="37" hits="1"/>
          </lines>
        </class>
        <class name="boot" filename="config/boot.rb" line-rate="1.0" complexity="0">
          <methods/>
          <lines>
            <line number="3" hits="1"/>
            <line number="5" hits="1"/>
            <line number="6" hits="1"/>
          </lines>
        </class>
        <class name="environment" filename="config/environment.rb" line-rate="1.0" complexity="0">
          <methods/>
          <lines>
            <line number="4" hits="1"/>
            <line number="7" hits="1"/>
          </lines>
        </class>
        <class name="test" filename="config/environments/test.rb" line-rate="1.0" complexity="0">
          <methods/>
          <lines>
            <line number="3" hits="1"/>
            <line number="10" hits="1"/>
            <line number="14" hits="1"/>
            <line number="19" hits="1"/>
            <line number="22" hits="1"/>
            <line number="23" hits="1"/>
            <line number="28" hits="1"/>
            <line number="29" hits="1"/>
            <line number="30" hits="1"/>
            <line number="33" hits="1"/>
            <line number="36" hits="1"/>
            <line number="39" hits="1"/>
            <line number="41" hits="1"/>
            <line number="46" hits="1"/>
            <line number="49" hits="1"/>
            <line number="52" hits="1"/>
            <line number="55" hits="1"/>
          </lines>
        </class>
        <class name="assets" filename="config/initializers/assets.rb" line-rate="1.0" complexity="0">
          <methods/>
          <lines>
            <line number="6" hits="1"/>
          </lines>
        </class>
        <class name="content_security_policy" filename="config/initializers/content_security_policy.rb" line-rate="1.0" complexity="0">
          <methods/>
          <lines/>
        </class>
        <class name="filter_parameter_logging" filename="config/initializers/filter_parameter_logging.rb" line-rate="1.0" complexity="0">
          <methods/>
          <lines>
            <line number="6" hits="1"/>
          </lines>
        </class>
        <class name="generators" filename="config/initializers/generators.rb" line-rate="1.0" complexity="0">
          <methods/>
          <lines>
            <line number="3" hits="1"/>
            <line number="4" hits="1"/>
          </lines>
        </class>
        <class name="inflections" filename="config/initializers/inflections.rb" line-rate="1.0" complexity="0">
          <methods/>
          <lines/>
        </class>
        <class name="permissions_policy" filename="config/initializers/permissions_policy.rb" line-rate="1.0" complexity="0">
          <methods/>
          <lines/>
        </class>
        <class name="routes" filename="config/routes.rb" line-rate="1.0" complexity="0">
          <methods/>
          <lines>
            <line number="3" hits="1"/>
            <line number="4" hits="1"/>
            <line number="5" hits="1"/>
            <line number="7" hits="1"/>
          </lines>
        </class>
        <class name="comments_controllers_spec" filename="spec/controllers/comments_controllers_spec.rb" line-rate="1.0" complexity="0">
          <methods/>
          <lines>
            <line number="1" hits="1"/>
            <line number="3" hits="1"/>
            <line number="4" hits="2"/>
            <line number="5" hits="1"/>
            <line number="6" hits="2"/>
            <line number="7" hits="2"/>
            <line number="9" hits="1"/>
            <line number="10" hits="4"/>
            <line number="11" hits="1"/>
          </lines>
        </class>
        <class name="posts_controllers_spec" filename="spec/controllers/posts_controllers_spec.rb" line-rate="1.0" complexity="0">
          <methods/>
          <lines>
            <line number="3" hits="1"/>
            <line number="5" hits="1"/>
            <line number="6" hits="2"/>
            <line number="8" hits="1"/>
            <line number="9" hits="2"/>
            <line number="10" hits="2"/>
            <line number="11" hits="1"/>
            <line number="12" hits="1"/>
            <line number="13" hits="1"/>
            <line number="17" hits="1"/>
            <line number="18" hits="2"/>
            <line number="19" hits="1"/>
            <line number="20" hits="1"/>
            <line number="21" hits="1"/>
            <line number="25" hits="1"/>
            <line number="26" hits="2"/>
            <line number="27" hits="1"/>
            <line number="28" hits="1"/>
            <line number="29" hits="1"/>
            <line number="33" hits="1"/>
            <line number="35" hits="2"/>
            <line number="36" hits="1"/>
            <line number="37" hits="4"/>
            <line number="38" hits="1"/>
          </lines>
        </class>
        <class name="comments" filename="spec/factories/comments.rb" line-rate="1.0" complexity="0">
          <methods/>
          <lines>
            <line number="1" hits="1"/>
            <line number="2" hits="1"/>
            <line number="3" hits="3"/>
            <line number="4" hits="1"/>
          </lines>
        </class>
        <class name="posts" filename="spec/factories/posts.rb" line-rate="1.0" complexity="0">
          <methods/>
          <lines>
            <line number="3" hits="1"/>
            <line number="4" hits="1"/>
            <line number="5" hits="1"/>
            <line number="6" hits="17"/>
            <line number="8" hits="1"/>
            <line number="9" hits="17"/>
          </lines>
        </class>
        <class name="comments_helper_spec" filename="spec/helpers/comments_helper_spec.rb" line-rate="1.0" complexity="0">
          <methods/>
          <lines>
            <line number="1" hits="1"/>
            <line number="13" hits="1"/>
            <line number="14" hits="1"/>
          </lines>
        </class>
        <class name="posts_helper_spec" filename="spec/helpers/posts_helper_spec.rb" line-rate="1.0" complexity="0">
          <methods/>
          <lines>
            <line number="1" hits="1"/>
            <line number="13" hits="1"/>
            <line number="14" hits="1"/>
          </lines>
        </class>
        <class name="comment_spec" filename="spec/models/comment_spec.rb" line-rate="1.0" complexity="0">
          <methods/>
          <lines>
            <line number="1" hits="1"/>
            <line number="3" hits="1"/>
            <line number="4" hits="11"/>
            <line number="5" hits="3"/>
            <line number="6" hits="1"/>
            <line number="7" hits="2"/>
            <line number="8" hits="2"/>
            <line number="11" hits="1"/>
            <line number="12" hits="2"/>
            <line number="15" hits="1"/>
            <line number="16" hits="2"/>
            <line number="17" hits="2"/>
            <line number="19" hits="1"/>
            <line number="20" hits="1"/>
            <line number="21" hits="1"/>
            <line number="25" hits="1"/>
            <line number="26" hits="2"/>
            <line number="27" hits="2"/>
            <line number="28" hits="2"/>
            <line number="29" hits="2"/>
          </lines>
        </class>
        <class name="post_spec" filename="spec/models/post_spec.rb" line-rate="1.0" complexity="0">
          <methods/>
          <lines>
            <line number="1" hits="1"/>
            <line number="3" hits="1"/>
            <line number="4" hits="1"/>
            <line number="5" hits="2"/>
            <line number="6" hits="2"/>
            <line number="8" hits="1"/>
            <line number="9" hits="2"/>
            <line number="10" hits="2"/>
            <line number="11" hits="2"/>
            <line number="12" hits="2"/>
            <line number="13" hits="2"/>
            <line number="14" hits="2"/>
            <line number="16" hits="1"/>
            <line number="17" hits="2"/>
            <line number="19" hits="1"/>
            <line number="20" hits="2"/>
            <line number="21" hits="2"/>
            <line number="22" hits="2"/>
          </lines>
        </class>
        <class name="rails_helper" filename="spec/rails_helper.rb" line-rate="0.86" complexity="0">
          <methods/>
          <lines>
            <line number="4" hits="1"/>
            <line number="5" hits="1"/>
            <line number="6" hits="1"/>
            <line number="8" hits="1"/>
            <line number="9" hits="1"/>
            <line number="25" hits="3"/>
            <line number="30" hits="1"/>
            <line number="32" hits="0"/>
            <line number="33" hits="0"/>
            <line number="35" hits="1"/>
            <line number="37" hits="1"/>
            <line number="42" hits="1"/>
            <line number="60" hits="1"/>
            <line number="63" hits="1"/>
          </lines>
        </class>
        <class name="comments_spec" filename="spec/requests/comments_spec.rb" line-rate="1.0" complexity="0">
          <methods/>
          <lines>
            <line number="1" hits="1"/>
            <line number="3" hits="1"/>
            <line number="4" hits="1"/>
            <line number="5" hits="1"/>
          </lines>
        </class>
        <class name="posts_spec" filename="spec/requests/posts_spec.rb" line-rate="0.69" complexity="0">
          <methods/>
          <lines>
            <line number="1" hits="1"/>
            <line number="15" hits="1"/>
            <line number="20" hits="1"/>
            <line number="21" hits="10"/>
            <line number="24" hits="1"/>
            <line number="25" hits="2"/>
            <line number="28" hits="1"/>
            <line number="29" hits="1"/>
            <line number="30" hits="1"/>
            <line number="31" hits="0"/>
            <line number="32" hits="0"/>
            <line number="36" hits="1"/>
            <line number="37" hits="1"/>
            <line number="38" hits="1"/>
            <line number="39" hits="0"/>
            <line number="40" hits="0"/>
            <line number="44" hits="1"/>
            <line number="45" hits="1"/>
            <line number="46" hits="1"/>
            <line number="47" hits="1"/>
            <line number="51" hits="1"/>
            <line number="52" hits="1"/>
            <line number="53" hits="1"/>
            <line number="54" hits="0"/>
            <line number="55" hits="0"/>
            <line number="59" hits="1"/>
            <line number="60" hits="1"/>
            <line number="61" hits="1"/>
            <line number="62" hits="1"/>
            <line number="63" hits="1"/>
            <line number="67" hits="1"/>
            <line number="68" hits="1"/>
            <line number="69" hits="0"/>
            <line number="73" hits="1"/>
            <line number="74" hits="1"/>
            <line number="75" hits="1"/>
            <line number="76" hits="1"/>
            <line number="80" hits="1"/>
            <line number="81" hits="1"/>
            <line number="82" hits="0"/>
            <line number="87" hits="1"/>
            <line number="88" hits="1"/>
            <line number="89" hits="1"/>
            <line number="90" hits="0"/>
            <line number="93" hits="1"/>
            <line number="94" hits="1"/>
            <line number="95" hits="0"/>
            <line number="96" hits="0"/>
            <line number="97" hits="0"/>
            <line number="100" hits="1"/>
            <line number="101" hits="1"/>
            <line number="102" hits="0"/>
            <line number="103" hits="0"/>
            <line number="104" hits="0"/>
            <line number="108" hits="1"/>
            <line number="109" hits="1"/>
            <line number="110" hits="1"/>
            <line number="111" hits="0"/>
            <line number="112" hits="0"/>
            <line number="117" hits="1"/>
            <line number="118" hits="1"/>
            <line number="119" hits="1"/>
            <line number="120" hits="0"/>
            <line number="121" hits="0"/>
            <line number="125" hits="1"/>
            <line number="126" hits="1"/>
            <line number="127" hits="0"/>
            <line number="128" hits="0"/>
          </lines>
        </class>
        <class name="posts_routing_spec" filename="spec/routing/posts_routing_spec.rb" line-rate="1.0" complexity="0">
          <methods/>
          <lines>
            <line number="1" hits="1"/>
            <line number="3" hits="1"/>
            <line number="4" hits="1"/>
            <line number="5" hits="1"/>
            <line number="6" hits="1"/>
            <line number="9" hits="1"/>
            <line number="10" hits="1"/>
            <line number="13" hits="1"/>
            <line number="14" hits="1"/>
            <line number="17" hits="1"/>
            <line number="18" hits="1"/>
            <line number="22" hits="1"/>
            <line number="23" hits="1"/>
            <line number="26" hits="1"/>
            <line number="27" hits="1"/>
            <line number="30" hits="1"/>
            <line number="31" hits="1"/>
            <line number="34" hits="1"/>
            <line number="35" hits="1"/>
          </lines>
        </class>
        <class name="factory_bot" filename="spec/support/factory_bot.rb" line-rate="1.0" complexity="0">
          <methods/>
          <lines>
            <line number="1" hits="1"/>
            <line number="2" hits="1"/>
          </lines>
        </class>
        <class name="shoulda_matchers" filename="spec/support/shoulda_matchers.rb" line-rate="1.0" complexity="0">
          <methods/>
          <lines>
            <line number="3" hits="1"/>
            <line number="4" hits="1"/>
            <line number="5" hits="1"/>
            <line number="6" hits="1"/>
          </lines>
        </class>
      </classes>
    </package>
  </packages>
</coverage>